{"timestamp":"2026-04-14T15:41:20.586286Z","level":"info","event":"DAG bundles loaded: dags-folder","logger":"airflow.dag_processing.bundles.manager.DagBundlesManager","filename":"manager.py","lineno":179}
{"timestamp":"2026-04-14T15:41:20.586954Z","level":"info","event":"Filling up the DagBag from /opt/airflow/dags/model_training_monitoring_dag.py","logger":"airflow.models.dagbag.DagBag","filename":"dagbag.py","lineno":593}
{"timestamp":"2026-04-14T15:41:20.685940Z","level":"warning","event":"The `airflow.decorators.dag` attribute is deprecated. Please use `'airflow.sdk.dag'`.","category":"DeprecatedImportWarning","filename":"/opt/airflow/dags/model_training_monitoring_dag.py","lineno":5,"logger":"py.warnings"}
{"timestamp":"2026-04-14T15:41:20.686113Z","level":"warning","event":"The `airflow.decorators.task` attribute is deprecated. Please use `'airflow.sdk.task'`.","category":"DeprecatedImportWarning","filename":"/opt/airflow/dags/model_training_monitoring_dag.py","lineno":5,"logger":"py.warnings"}
{"timestamp":"2026-04-14T15:41:20.758501Z","level":"info","event":"Starting docker container from image datarisk/nannyml-evaluator:latest","logger":"airflow.task.operators.airflow.providers.docker.operators.docker.DockerOperator","filename":"docker.py","lineno":355}
{"timestamp":"2026-04-14T15:41:30.785676Z","level":"info","event":"Scoring 40000 rows via API with 8 workers (progress every 500 rows)","logger":"airflow.task.operators.airflow.providers.docker.operators.docker.DockerOperator","filename":"docker.py","lineno":66}
{"timestamp":"2026-04-14T15:41:39.169933Z","level":"info","event":"Scoring progress: 500/40000 rows processed","logger":"airflow.task.operators.airflow.providers.docker.operators.docker.DockerOperator","filename":"docker.py","lineno":66}
{"timestamp":"2026-04-14T15:41:47.293013Z","level":"info","event":"Scoring progress: 1000/40000 rows processed","logger":"airflow.task.operators.airflow.providers.docker.operators.docker.DockerOperator","filename":"docker.py","lineno":66}
{"timestamp":"2026-04-14T15:41:57.338280Z","level":"info","event":"Scoring progress: 1500/40000 rows processed","logger":"airflow.task.operators.airflow.providers.docker.operators.docker.DockerOperator","filename":"docker.py","lineno":66}
{"timestamp":"2026-04-14T15:42:06.000734Z","level":"info","event":"Scoring progress: 2000/40000 rows processed","logger":"airflow.task.operators.airflow.providers.docker.operators.docker.DockerOperator","filename":"docker.py","lineno":66}
{"timestamp":"2026-04-14T15:42:13.187760Z","level":"info","event":"Scoring progress: 2500/40000 rows processed","logger":"airflow.task.operators.airflow.providers.docker.operators.docker.DockerOperator","filename":"docker.py","lineno":66}
{"timestamp":"2026-04-14T15:42:20.190045Z","level":"info","event":"Scoring progress: 3000/40000 rows processed","logger":"airflow.task.operators.airflow.providers.docker.operators.docker.DockerOperator","filename":"docker.py","lineno":66}
{"timestamp":"2026-04-14T15:42:28.461822Z","level":"info","event":"Scoring progress: 3500/40000 rows processed","logger":"airflow.task.operators.airflow.providers.docker.operators.docker.DockerOperator","filename":"docker.py","lineno":66}
{"timestamp":"2026-04-14T15:42:37.737854Z","level":"info","event":"Scoring progress: 4000/40000 rows processed","logger":"airflow.task.operators.airflow.providers.docker.operators.docker.DockerOperator","filename":"docker.py","lineno":66}
{"timestamp":"2026-04-14T15:42:45.019997Z","level":"info","event":"Scoring progress: 4500/40000 rows processed","logger":"airflow.task.operators.airflow.providers.docker.operators.docker.DockerOperator","filename":"docker.py","lineno":66}
{"timestamp":"2026-04-14T15:42:52.269581Z","level":"info","event":"Scoring progress: 5000/40000 rows processed","logger":"airflow.task.operators.airflow.providers.docker.operators.docker.DockerOperator","filename":"docker.py","lineno":66}
{"timestamp":"2026-04-14T15:42:59.506849Z","level":"info","event":"Scoring progress: 5500/40000 rows processed","logger":"airflow.task.operators.airflow.providers.docker.operators.docker.DockerOperator","filename":"docker.py","lineno":66}
{"timestamp":"2026-04-14T15:43:08.902771Z","level":"info","event":"Scoring progress: 6000/40000 rows processed","logger":"airflow.task.operators.airflow.providers.docker.operators.docker.DockerOperator","filename":"docker.py","lineno":66}
{"timestamp":"2026-04-14T15:43:19.104816Z","level":"info","event":"Scoring progress: 6500/40000 rows processed","logger":"airflow.task.operators.airflow.providers.docker.operators.docker.DockerOperator","filename":"docker.py","lineno":66}
{"timestamp":"2026-04-14T15:43:27.331327Z","level":"info","event":"Scoring progress: 7000/40000 rows processed","logger":"airflow.task.operators.airflow.providers.docker.operators.docker.DockerOperator","filename":"docker.py","lineno":66}
{"timestamp":"2026-04-14T15:43:35.289154Z","level":"info","event":"Scoring progress: 7500/40000 rows processed","logger":"airflow.task.operators.airflow.providers.docker.operators.docker.DockerOperator","filename":"docker.py","lineno":66}
{"timestamp":"2026-04-14T15:43:45.953037Z","level":"info","event":"Scoring progress: 8000/40000 rows processed","logger":"airflow.task.operators.airflow.providers.docker.operators.docker.DockerOperator","filename":"docker.py","lineno":66}
{"timestamp":"2026-04-14T15:43:54.476320Z","level":"info","event":"Scoring progress: 8500/40000 rows processed","logger":"airflow.task.operators.airflow.providers.docker.operators.docker.DockerOperator","filename":"docker.py","lineno":66}
{"timestamp":"2026-04-14T15:44:02.823110Z","level":"info","event":"Scoring progress: 9000/40000 rows processed","logger":"airflow.task.operators.airflow.providers.docker.operators.docker.DockerOperator","filename":"docker.py","lineno":66}
{"timestamp":"2026-04-14T15:44:11.776094Z","level":"info","event":"Scoring progress: 9500/40000 rows processed","logger":"airflow.task.operators.airflow.providers.docker.operators.docker.DockerOperator","filename":"docker.py","lineno":66}
{"timestamp":"2026-04-14T15:44:22.318619Z","level":"info","event":"Scoring progress: 10000/40000 rows processed","logger":"airflow.task.operators.airflow.providers.docker.operators.docker.DockerOperator","filename":"docker.py","lineno":66}
{"timestamp":"2026-04-14T15:44:29.164706Z","level":"info","event":"Scoring progress: 10500/40000 rows processed","logger":"airflow.task.operators.airflow.providers.docker.operators.docker.DockerOperator","filename":"docker.py","lineno":66}
{"timestamp":"2026-04-14T15:44:35.962076Z","level":"info","event":"Scoring progress: 11000/40000 rows processed","logger":"airflow.task.operators.airflow.providers.docker.operators.docker.DockerOperator","filename":"docker.py","lineno":66}
{"timestamp":"2026-04-14T15:44:43.064963Z","level":"info","event":"Scoring progress: 11500/40000 rows processed","logger":"airflow.task.operators.airflow.providers.docker.operators.docker.DockerOperator","filename":"docker.py","lineno":66}
{"timestamp":"2026-04-14T15:44:51.840626Z","level":"info","event":"Scoring progress: 12000/40000 rows processed","logger":"airflow.task.operators.airflow.providers.docker.operators.docker.DockerOperator","filename":"docker.py","lineno":66}
{"timestamp":"2026-04-14T15:44:59.904690Z","level":"info","event":"Scoring progress: 12500/40000 rows processed","logger":"airflow.task.operators.airflow.providers.docker.operators.docker.DockerOperator","filename":"docker.py","lineno":66}
{"timestamp":"2026-04-14T15:45:07.258325Z","level":"info","event":"Scoring progress: 13000/40000 rows processed","logger":"airflow.task.operators.airflow.providers.docker.operators.docker.DockerOperator","filename":"docker.py","lineno":66}
{"timestamp":"2026-04-14T15:45:15.220523Z","level":"info","event":"Scoring progress: 13500/40000 rows processed","logger":"airflow.task.operators.airflow.providers.docker.operators.docker.DockerOperator","filename":"docker.py","lineno":66}
{"timestamp":"2026-04-14T15:45:22.892254Z","level":"info","event":"Scoring progress: 14000/40000 rows processed","logger":"airflow.task.operators.airflow.providers.docker.operators.docker.DockerOperator","filename":"docker.py","lineno":66}
{"timestamp":"2026-04-14T15:45:32.472909Z","level":"info","event":"Scoring progress: 14500/40000 rows processed","logger":"airflow.task.operators.airflow.providers.docker.operators.docker.DockerOperator","filename":"docker.py","lineno":66}
{"timestamp":"2026-04-14T15:45:39.462642Z","level":"info","event":"Scoring progress: 15000/40000 rows processed","logger":"airflow.task.operators.airflow.providers.docker.operators.docker.DockerOperator","filename":"docker.py","lineno":66}
{"timestamp":"2026-04-14T15:45:46.634481Z","level":"info","event":"Scoring progress: 15500/40000 rows processed","logger":"airflow.task.operators.airflow.providers.docker.operators.docker.DockerOperator","filename":"docker.py","lineno":66}
{"timestamp":"2026-04-14T15:45:53.909086Z","level":"info","event":"Scoring progress: 16000/40000 rows processed","logger":"airflow.task.operators.airflow.providers.docker.operators.docker.DockerOperator","filename":"docker.py","lineno":66}
{"timestamp":"2026-04-14T15:46:03.512443Z","level":"info","event":"Scoring progress: 16500/40000 rows processed","logger":"airflow.task.operators.airflow.providers.docker.operators.docker.DockerOperator","filename":"docker.py","lineno":66}
{"timestamp":"2026-04-14T15:46:12.438176Z","level":"info","event":"Scoring progress: 17000/40000 rows processed","logger":"airflow.task.operators.airflow.providers.docker.operators.docker.DockerOperator","filename":"docker.py","lineno":66}
{"timestamp":"2026-04-14T15:46:19.690527Z","level":"info","event":"Scoring progress: 17500/40000 rows processed","logger":"airflow.task.operators.airflow.providers.docker.operators.docker.DockerOperator","filename":"docker.py","lineno":66}
{"timestamp":"2026-04-14T15:46:27.161838Z","level":"info","event":"Scoring progress: 18000/40000 rows processed","logger":"airflow.task.operators.airflow.providers.docker.operators.docker.DockerOperator","filename":"docker.py","lineno":66}
{"timestamp":"2026-04-14T15:46:35.779622Z","level":"info","event":"Scoring progress: 18500/40000 rows processed","logger":"airflow.task.operators.airflow.providers.docker.operators.docker.DockerOperator","filename":"docker.py","lineno":66}
{"timestamp":"2026-04-14T15:46:44.621739Z","level":"info","event":"Scoring progress: 19000/40000 rows processed","logger":"airflow.task.operators.airflow.providers.docker.operators.docker.DockerOperator","filename":"docker.py","lineno":66}
{"timestamp":"2026-04-14T15:46:51.710505Z","level":"info","event":"Scoring progress: 19500/40000 rows processed","logger":"airflow.task.operators.airflow.providers.docker.operators.docker.DockerOperator","filename":"docker.py","lineno":66}
{"timestamp":"2026-04-14T15:46:58.834438Z","level":"info","event":"Scoring progress: 20000/40000 rows processed","logger":"airflow.task.operators.airflow.providers.docker.operators.docker.DockerOperator","filename":"docker.py","lineno":66}
{"timestamp":"2026-04-14T15:47:05.868301Z","level":"info","event":"Scoring progress: 20500/40000 rows processed","logger":"airflow.task.operators.airflow.providers.docker.operators.docker.DockerOperator","filename":"docker.py","lineno":66}
{"timestamp":"2026-04-14T15:47:16.873386Z","level":"info","event":"Scoring progress: 21000/40000 rows processed","logger":"airflow.task.operators.airflow.providers.docker.operators.docker.DockerOperator","filename":"docker.py","lineno":66}
{"timestamp":"2026-04-14T15:47:23.966319Z","level":"info","event":"Scoring progress: 21500/40000 rows processed","logger":"airflow.task.operators.airflow.providers.docker.operators.docker.DockerOperator","filename":"docker.py","lineno":66}
{"timestamp":"2026-04-14T15:47:30.994553Z","level":"info","event":"Scoring progress: 22000/40000 rows processed","logger":"airflow.task.operators.airflow.providers.docker.operators.docker.DockerOperator","filename":"docker.py","lineno":66}
{"timestamp":"2026-04-14T15:47:38.936836Z","level":"info","event":"Scoring progress: 22500/40000 rows processed","logger":"airflow.task.operators.airflow.providers.docker.operators.docker.DockerOperator","filename":"docker.py","lineno":66}
{"timestamp":"2026-04-14T15:47:48.877350Z","level":"info","event":"Scoring progress: 23000/40000 rows processed","logger":"airflow.task.operators.airflow.providers.docker.operators.docker.DockerOperator","filename":"docker.py","lineno":66}
{"timestamp":"2026-04-14T15:47:56.979467Z","level":"info","event":"Scoring progress: 23500/40000 rows processed","logger":"airflow.task.operators.airflow.providers.docker.operators.docker.DockerOperator","filename":"docker.py","lineno":66}
{"timestamp":"2026-04-14T15:48:04.354377Z","level":"info","event":"Scoring progress: 24000/40000 rows processed","logger":"airflow.task.operators.airflow.providers.docker.operators.docker.DockerOperator","filename":"docker.py","lineno":66}
{"timestamp":"2026-04-14T15:48:12.799692Z","level":"info","event":"Scoring progress: 24500/40000 rows processed","logger":"airflow.task.operators.airflow.providers.docker.operators.docker.DockerOperator","filename":"docker.py","lineno":66}
{"timestamp":"2026-04-14T15:48:21.800392Z","level":"info","event":"Scoring progress: 25000/40000 rows processed","logger":"airflow.task.operators.airflow.providers.docker.operators.docker.DockerOperator","filename":"docker.py","lineno":66}
{"timestamp":"2026-04-14T15:48:33.789460Z","level":"info","event":"Scoring progress: 25500/40000 rows processed","logger":"airflow.task.operators.airflow.providers.docker.operators.docker.DockerOperator","filename":"docker.py","lineno":66}
{"timestamp":"2026-04-14T15:48:43.299091Z","level":"info","event":"Scoring progress: 26000/40000 rows processed","logger":"airflow.task.operators.airflow.providers.docker.operators.docker.DockerOperator","filename":"docker.py","lineno":66}
{"timestamp":"2026-04-14T15:48:52.799458Z","level":"info","event":"Scoring progress: 26500/40000 rows processed","logger":"airflow.task.operators.airflow.providers.docker.operators.docker.DockerOperator","filename":"docker.py","lineno":66}
{"timestamp":"2026-04-14T15:49:06.353419Z","level":"info","event":"Scoring progress: 27000/40000 rows processed","logger":"airflow.task.operators.airflow.providers.docker.operators.docker.DockerOperator","filename":"docker.py","lineno":66}
{"timestamp":"2026-04-14T15:49:15.869536Z","level":"info","event":"Scoring progress: 27500/40000 rows processed","logger":"airflow.task.operators.airflow.providers.docker.operators.docker.DockerOperator","filename":"docker.py","lineno":66}
{"timestamp":"2026-04-14T15:49:25.269235Z","level":"info","event":"Scoring progress: 28000/40000 rows processed","logger":"airflow.task.operators.airflow.providers.docker.operators.docker.DockerOperator","filename":"docker.py","lineno":66}
{"timestamp":"2026-04-14T15:49:35.931173Z","level":"info","event":"Scoring progress: 28500/40000 rows processed","logger":"airflow.task.operators.airflow.providers.docker.operators.docker.DockerOperator","filename":"docker.py","lineno":66}
{"timestamp":"2026-04-14T15:49:45.404279Z","level":"info","event":"Scoring progress: 29000/40000 rows processed","logger":"airflow.task.operators.airflow.providers.docker.operators.docker.DockerOperator","filename":"docker.py","lineno":66}
{"timestamp":"2026-04-14T15:49:54.552999Z","level":"info","event":"Scoring progress: 29500/40000 rows processed","logger":"airflow.task.operators.airflow.providers.docker.operators.docker.DockerOperator","filename":"docker.py","lineno":66}
{"timestamp":"2026-04-14T15:50:04.031353Z","level":"info","event":"Scoring progress: 30000/40000 rows processed","logger":"airflow.task.operators.airflow.providers.docker.operators.docker.DockerOperator","filename":"docker.py","lineno":66}
{"timestamp":"2026-04-14T15:50:19.106137Z","level":"info","event":"Scoring progress: 30500/40000 rows processed","logger":"airflow.task.operators.airflow.providers.docker.operators.docker.DockerOperator","filename":"docker.py","lineno":66}
{"timestamp":"2026-04-14T15:50:28.835513Z","level":"info","event":"Scoring progress: 31000/40000 rows processed","logger":"airflow.task.operators.airflow.providers.docker.operators.docker.DockerOperator","filename":"docker.py","lineno":66}
{"timestamp":"2026-04-14T15:50:38.438702Z","level":"info","event":"Scoring progress: 31500/40000 rows processed","logger":"airflow.task.operators.airflow.providers.docker.operators.docker.DockerOperator","filename":"docker.py","lineno":66}
{"timestamp":"2026-04-14T15:50:50.291807Z","level":"info","event":"Scoring progress: 32000/40000 rows processed","logger":"airflow.task.operators.airflow.providers.docker.operators.docker.DockerOperator","filename":"docker.py","lineno":66}
{"timestamp":"2026-04-14T15:51:01.332787Z","level":"info","event":"Scoring progress: 32500/40000 rows processed","logger":"airflow.task.operators.airflow.providers.docker.operators.docker.DockerOperator","filename":"docker.py","lineno":66}
{"timestamp":"2026-04-14T15:51:09.316849Z","level":"info","event":"Scoring progress: 33000/40000 rows processed","logger":"airflow.task.operators.airflow.providers.docker.operators.docker.DockerOperator","filename":"docker.py","lineno":66}
{"timestamp":"2026-04-14T15:51:16.078202Z","level":"info","event":"Scoring progress: 33500/40000 rows processed","logger":"airflow.task.operators.airflow.providers.docker.operators.docker.DockerOperator","filename":"docker.py","lineno":66}
{"timestamp":"2026-04-14T15:51:23.632891Z","level":"info","event":"Scoring progress: 34000/40000 rows processed","logger":"airflow.task.operators.airflow.providers.docker.operators.docker.DockerOperator","filename":"docker.py","lineno":66}
{"timestamp":"2026-04-14T15:51:35.916917Z","level":"info","event":"Scoring progress: 34500/40000 rows processed","logger":"airflow.task.operators.airflow.providers.docker.operators.docker.DockerOperator","filename":"docker.py","lineno":66}
{"timestamp":"2026-04-14T15:51:45.410708Z","level":"info","event":"Scoring progress: 35000/40000 rows processed","logger":"airflow.task.operators.airflow.providers.docker.operators.docker.DockerOperator","filename":"docker.py","lineno":66}
{"timestamp":"2026-04-14T15:51:53.385461Z","level":"info","event":"Scoring progress: 35500/40000 rows processed","logger":"airflow.task.operators.airflow.providers.docker.operators.docker.DockerOperator","filename":"docker.py","lineno":66}
{"timestamp":"2026-04-14T15:52:01.901599Z","level":"info","event":"Scoring progress: 36000/40000 rows processed","logger":"airflow.task.operators.airflow.providers.docker.operators.docker.DockerOperator","filename":"docker.py","lineno":66}
{"timestamp":"2026-04-14T15:52:13.218299Z","level":"info","event":"Scoring progress: 36500/40000 rows processed","logger":"airflow.task.operators.airflow.providers.docker.operators.docker.DockerOperator","filename":"docker.py","lineno":66}
{"timestamp":"2026-04-14T15:52:19.978236Z","level":"info","event":"Scoring progress: 37000/40000 rows processed","logger":"airflow.task.operators.airflow.providers.docker.operators.docker.DockerOperator","filename":"docker.py","lineno":66}
{"timestamp":"2026-04-14T15:52:26.585595Z","level":"info","event":"Scoring progress: 37500/40000 rows processed","logger":"airflow.task.operators.airflow.providers.docker.operators.docker.DockerOperator","filename":"docker.py","lineno":66}
{"timestamp":"2026-04-14T15:52:33.227793Z","level":"info","event":"Scoring progress: 38000/40000 rows processed","logger":"airflow.task.operators.airflow.providers.docker.operators.docker.DockerOperator","filename":"docker.py","lineno":66}
{"timestamp":"2026-04-14T15:52:43.711297Z","level":"info","event":"Scoring progress: 38500/40000 rows processed","logger":"airflow.task.operators.airflow.providers.docker.operators.docker.DockerOperator","filename":"docker.py","lineno":66}
{"timestamp":"2026-04-14T15:52:51.068645Z","level":"info","event":"Scoring progress: 39000/40000 rows processed","logger":"airflow.task.operators.airflow.providers.docker.operators.docker.DockerOperator","filename":"docker.py","lineno":66}
{"timestamp":"2026-04-14T15:52:58.936972Z","level":"info","event":"Scoring progress: 39500/40000 rows processed","logger":"airflow.task.operators.airflow.providers.docker.operators.docker.DockerOperator","filename":"docker.py","lineno":66}
{"timestamp":"2026-04-14T15:53:06.260554Z","level":"info","event":"Scoring progress: 40000/40000 rows processed","logger":"airflow.task.operators.airflow.providers.docker.operators.docker.DockerOperator","filename":"docker.py","lineno":66}
{"timestamp":"2026-04-14T15:53:12.567686Z","level":"info","event":"{\"should_retrain\": false, \"drift_detected\": false, \"decay_detected\": false, \"decay_checked\": false, \"alert_rate\": 0.0, \"auc_drop\": null}","logger":"airflow.task.operators.airflow.providers.docker.operators.docker.DockerOperator","filename":"docker.py","lineno":66}
{"timestamp":"2026-04-14T15:53:13.577280Z","level":"info","event":"Pushing xcom","ti":"RuntimeTaskInstance(id=UUID('019d8ca7-7c9a-74e8-97cd-bd2525edbf03'), task_id='monitor_with_nannyml_api', dag_id='credit_model_training_and_nannyml_monitoring', run_id='manual__2026-04-14T15:41:19.884887+00:00', try_number=1, dag_version_id=UUID('019d8c25-7f33-71df-bf9c-705786756992'), map_index=-1, hostname='88574d0e2591', context_carrier={}, task=<Task(DockerOperator): monitor_with_nannyml_api>, bundle_instance=LocalDagBundle(name=dags-folder), max_tries=0, start_date=datetime.datetime(2026, 4, 14, 15, 41, 20, 405570, tzinfo=datetime.timezone.utc), end_date=None, state=<TaskInstanceState.RUNNING: 'running'>, is_mapped=False, rendered_map_index=None)","logger":"task","filename":"task_runner.py","lineno":1352}
